<?xml version="1.0" encoding="UTF-8"?>
<testng-results total="2" passed="1" failed="1" skipped="0">
  <reporter-output>
  </reporter-output>
  <suite started-at="2021-05-16T18:47:19Z" name="Surefire suite" finished-at="2021-05-16T18:47:36Z" duration-ms="17055">
    <groups>
      <group name="createProject">
        <method signature="AbstractTest.init(java.lang.String)[pri:0, instance:com.autotest.core.appolo.SearchTest@544a2ea6]" name="init" class="com.autotest.core.abstracts.AbstractTest"/>
      </group> <!-- createProject -->
    </groups>
    <test started-at="2021-05-16T18:47:19Z" name="Surefire test" finished-at="2021-05-16T18:47:36Z" duration-ms="17055">
      <class name="com.autotest.core.appolo.SearchTest">
        <test-method is-config="true" signature="arquillianBeforeSuite()[pri:0, instance:com.autotest.core.appolo.SearchTest@544a2ea6]" started-at="2021-05-17T01:47:18Z" name="arquillianBeforeSuite" finished-at="2021-05-17T01:47:19Z" duration-ms="755" status="PASS">
          <reporter-output>
          </reporter-output>
        </test-method> <!-- arquillianBeforeSuite -->
        <test-method is-config="true" signature="arquillianBeforeClass()[pri:0, instance:com.autotest.core.appolo.SearchTest@544a2ea6]" started-at="2021-05-17T01:47:19Z" name="arquillianBeforeClass" finished-at="2021-05-17T01:47:19Z" duration-ms="67" status="PASS">
          <reporter-output>
          </reporter-output>
        </test-method> <!-- arquillianBeforeClass -->
        <test-method is-config="true" signature="arquillianBeforeTest(java.lang.reflect.Method)[pri:0, instance:com.autotest.core.appolo.SearchTest@544a2ea6]" started-at="2021-05-17T01:47:19Z" name="arquillianBeforeTest" finished-at="2021-05-17T01:47:28Z" duration-ms="9106" status="PASS">
          <params>
            <param index="0">
              <value>
                <![CDATA[public void com.autotest.core.abstracts.AbstractTest.init(java.lang.String) throws org.json.JSONException]]>
              </value>
            </param>
          </params>
          <reporter-output>
          </reporter-output>
        </test-method> <!-- arquillianBeforeTest -->
        <test-method signature="init(java.lang.String)[pri:0, instance:com.autotest.core.appolo.SearchTest@544a2ea6]" started-at="2021-05-17T01:47:28Z" name="init" finished-at="2021-05-17T01:47:28Z" duration-ms="139" status="PASS">
          <params>
            <param index="0">
              <value>
                <![CDATA[maximize]]>
              </value>
            </param>
          </params>
          <reporter-output>
          </reporter-output>
        </test-method> <!-- init -->
        <test-method is-config="true" signature="arquillianAfterTest(java.lang.reflect.Method)[pri:0, instance:com.autotest.core.appolo.SearchTest@544a2ea6]" started-at="2021-05-17T01:47:28Z" name="arquillianAfterTest" finished-at="2021-05-17T01:47:28Z" duration-ms="2" status="PASS">
          <params>
            <param index="0">
              <value>
                <![CDATA[public void com.autotest.core.abstracts.AbstractTest.init(java.lang.String) throws org.json.JSONException]]>
              </value>
            </param>
          </params>
          <reporter-output>
          </reporter-output>
        </test-method> <!-- arquillianAfterTest -->
        <test-method is-config="true" signature="arquillianBeforeTest(java.lang.reflect.Method)[pri:0, instance:com.autotest.core.appolo.SearchTest@544a2ea6]" started-at="2021-05-17T01:47:28Z" name="arquillianBeforeTest" finished-at="2021-05-17T01:47:28Z" duration-ms="1" status="PASS">
          <params>
            <param index="0">
              <value>
                <![CDATA[public void com.autotest.core.appolo.SearchTest.testARoleTeacher()]]>
              </value>
            </param>
          </params>
          <reporter-output>
          </reporter-output>
        </test-method> <!-- arquillianBeforeTest -->
        <test-method signature="testARoleTeacher()[pri:0, instance:com.autotest.core.appolo.SearchTest@544a2ea6]" started-at="2021-05-17T01:47:28Z" name="testARoleTeacher" finished-at="2021-05-17T01:47:35Z" duration-ms="6700" status="FAIL">
          <exception class="java.lang.AssertionError">
            <message>
              <![CDATA[expected [You have 1 gradebook1111 waiting] but found [You have 1 gradebook waiting]]]>
            </message>
            <full-stacktrace>
              <![CDATA[java.lang.AssertionError: expected [You have 1 gradebook1111 waiting] but found [You have 1 gradebook waiting]
	at org.testng.Assert.fail(Assert.java:94)
	at org.testng.Assert.failNotEquals(Assert.java:513)
	at org.testng.Assert.assertEqualsImpl(Assert.java:135)
	at org.testng.Assert.assertEquals(Assert.java:116)
	at org.testng.Assert.assertEquals(Assert.java:190)
	at org.testng.Assert.assertEquals(Assert.java:200)
	at com.autotest.core.appolo.SearchTest.testARoleTeacher(SearchTest.java:30)
	at java.base/jdk.internal.reflect.NativeMethodAccessorImpl.invoke0(Native Method)
	at java.base/jdk.internal.reflect.NativeMethodAccessorImpl.invoke(NativeMethodAccessorImpl.java:64)
	at java.base/jdk.internal.reflect.DelegatingMethodAccessorImpl.invoke(DelegatingMethodAccessorImpl.java:43)
	at java.base/java.lang.reflect.Method.invoke(Method.java:564)
	at org.testng.internal.MethodInvocationHelper.invokeMethod(MethodInvocationHelper.java:86)
	at org.testng.internal.MethodInvocationHelper$1.runTestMethod(MethodInvocationHelper.java:197)
	at org.jboss.arquillian.testng.Arquillian$2.invoke(Arquillian.java:145)
	at org.jboss.arquillian.testng.standalone.LocalTestMethodExecutor.execute(LocalTestMethodExecutor.java:50)
	at java.base/jdk.internal.reflect.NativeMethodAccessorImpl.invoke0(Native Method)
	at java.base/jdk.internal.reflect.NativeMethodAccessorImpl.invoke(NativeMethodAccessorImpl.java:64)
	at java.base/jdk.internal.reflect.DelegatingMethodAccessorImpl.invoke(DelegatingMethodAccessorImpl.java:43)
	at java.base/java.lang.reflect.Method.invoke(Method.java:564)
	at org.jboss.arquillian.core.impl.ObserverImpl.invoke(ObserverImpl.java:86)
	at org.jboss.arquillian.core.impl.EventContextImpl.invokeObservers(EventContextImpl.java:103)
	at org.jboss.arquillian.core.impl.EventContextImpl.proceed(EventContextImpl.java:90)
	at org.jboss.arquillian.test.impl.TestContextHandler.createTestContext(TestContextHandler.java:116)
	at java.base/jdk.internal.reflect.NativeMethodAccessorImpl.invoke0(Native Method)
	at java.base/jdk.internal.reflect.NativeMethodAccessorImpl.invoke(NativeMethodAccessorImpl.java:64)
	at java.base/jdk.internal.reflect.DelegatingMethodAccessorImpl.invoke(DelegatingMethodAccessorImpl.java:43)
	at java.base/java.lang.reflect.Method.invoke(Method.java:564)
	at org.jboss.arquillian.core.impl.ObserverImpl.invoke(ObserverImpl.java:86)
	at org.jboss.arquillian.core.impl.EventContextImpl.proceed(EventContextImpl.java:95)
	at org.jboss.arquillian.test.impl.TestContextHandler.createClassContext(TestContextHandler.java:83)
	at java.base/jdk.internal.reflect.NativeMethodAccessorImpl.invoke0(Native Method)
	at java.base/jdk.internal.reflect.NativeMethodAccessorImpl.invoke(NativeMethodAccessorImpl.java:64)
	at java.base/jdk.internal.reflect.DelegatingMethodAccessorImpl.invoke(DelegatingMethodAccessorImpl.java:43)
	at java.base/java.lang.reflect.Method.invoke(Method.java:564)
	at org.jboss.arquillian.core.impl.ObserverImpl.invoke(ObserverImpl.java:86)
	at org.jboss.arquillian.core.impl.EventContextImpl.proceed(EventContextImpl.java:95)
	at org.jboss.arquillian.test.impl.TestContextHandler.createSuiteContext(TestContextHandler.java:69)
	at java.base/jdk.internal.reflect.NativeMethodAccessorImpl.invoke0(Native Method)
	at java.base/jdk.internal.reflect.NativeMethodAccessorImpl.invoke(NativeMethodAccessorImpl.java:64)
	at java.base/jdk.internal.reflect.DelegatingMethodAccessorImpl.invoke(DelegatingMethodAccessorImpl.java:43)
	at java.base/java.lang.reflect.Method.invoke(Method.java:564)
	at org.jboss.arquillian.core.impl.ObserverImpl.invoke(ObserverImpl.java:86)
	at org.jboss.arquillian.core.impl.EventContextImpl.proceed(EventContextImpl.java:95)
	at org.jboss.arquillian.core.impl.ManagerImpl.fire(ManagerImpl.java:133)
	at org.jboss.arquillian.test.impl.EventTestRunnerAdaptor.test(EventTestRunnerAdaptor.java:122)
	at org.jboss.arquillian.testng.Arquillian.run(Arquillian.java:138)
	at org.testng.internal.MethodInvocationHelper.invokeHookable(MethodInvocationHelper.java:209)
	at org.testng.internal.Invoker.invokeMethod(Invoker.java:639)
	at org.testng.internal.Invoker.invokeTestMethod(Invoker.java:820)
	at org.testng.internal.Invoker.invokeTestMethods(Invoker.java:1128)
	at org.testng.internal.TestMethodWorker.invokeTestMethods(TestMethodWorker.java:129)
	at org.testng.internal.TestMethodWorker.run(TestMethodWorker.java:112)
	at org.testng.TestRunner.privateRun(TestRunner.java:782)
	at org.testng.TestRunner.run(TestRunner.java:632)
	at org.testng.SuiteRunner.runTest(SuiteRunner.java:366)
	at org.testng.SuiteRunner.runSequentially(SuiteRunner.java:361)
	at org.testng.SuiteRunner.privateRun(SuiteRunner.java:319)
	at org.testng.SuiteRunner.run(SuiteRunner.java:268)
	at org.testng.SuiteRunnerWorker.runSuite(SuiteRunnerWorker.java:52)
	at org.testng.SuiteRunnerWorker.run(SuiteRunnerWorker.java:86)
	at org.testng.TestNG.runSuitesSequentially(TestNG.java:1244)
	at org.testng.TestNG.runSuitesLocally(TestNG.java:1169)
	at org.testng.TestNG.run(TestNG.java:1064)
	at org.apache.maven.surefire.testng.TestNGExecutor.run(TestNGExecutor.java:132)
	at org.apache.maven.surefire.testng.TestNGDirectoryTestSuite.executeSingleClass(TestNGDirectoryTestSuite.java:112)
	at org.apache.maven.surefire.testng.TestNGDirectoryTestSuite.execute(TestNGDirectoryTestSuite.java:99)
	at org.apache.maven.surefire.testng.TestNGProvider.invoke(TestNGProvider.java:147)
	at org.apache.maven.surefire.booter.ForkedBooter.invokeProviderInSameClassLoader(ForkedBooter.java:290)
	at org.apache.maven.surefire.booter.ForkedBooter.runSuitesInProcess(ForkedBooter.java:242)
	at org.apache.maven.surefire.booter.ForkedBooter.main(ForkedBooter.java:121)
]]>
            </full-stacktrace>
          </exception> <!-- java.lang.AssertionError -->
          <reporter-output>
          </reporter-output>
        </test-method> <!-- testARoleTeacher -->
        <test-method is-config="true" signature="arquillianAfterTest(java.lang.reflect.Method)[pri:0, instance:com.autotest.core.appolo.SearchTest@544a2ea6]" started-at="2021-05-17T01:47:36Z" name="arquillianAfterTest" finished-at="2021-05-17T01:47:36Z" duration-ms="1" status="PASS">
          <params>
            <param index="0">
              <value>
                <![CDATA[public void com.autotest.core.appolo.SearchTest.testARoleTeacher()]]>
              </value>
            </param>
          </params>
          <reporter-output>
          </reporter-output>
        </test-method> <!-- arquillianAfterTest -->
        <test-method is-config="true" signature="arquillianAfterClass()[pri:0, instance:com.autotest.core.appolo.SearchTest@544a2ea6]" started-at="2021-05-17T01:47:36Z" name="arquillianAfterClass" finished-at="2021-05-17T01:47:36Z" duration-ms="115" status="PASS">
          <reporter-output>
          </reporter-output>
        </test-method> <!-- arquillianAfterClass -->
        <test-method is-config="true" signature="arquillianAfterSuite()[pri:0, instance:com.autotest.core.appolo.SearchTest@544a2ea6]" started-at="2021-05-17T01:47:36Z" name="arquillianAfterSuite" finished-at="2021-05-17T01:47:36Z" duration-ms="0" status="PASS">
          <reporter-output>
          </reporter-output>
        </test-method> <!-- arquillianAfterSuite -->
      </class> <!-- com.autotest.core.appolo.SearchTest -->
    </test> <!-- Surefire test -->
  </suite> <!-- Surefire suite -->
</testng-results>
