<?xml version="1.0" encoding="UTF-8"?>
<!-- Generated by org.testng.reporters.JUnitXMLReporter -->
<testsuite hostname="LAP-00911s-MacBook-Pro.local" failures="1" tests="2" name="Surefire test" time="17.055" errors="0" timestamp="16 May 2021 18:47:36 GMT">
  <testcase classname="com.autotest.core.appolo.SearchTest" name="init" time="0.139"/>
  <testcase classname="com.autotest.core.appolo.SearchTest" name="testARoleTeacher" time="6.7">
    <failure type="java.lang.AssertionError" message="expected [You have 1 gradebook1111 waiting] but found [You have 1 gradebook waiting]">
      <![CDATA[java.lang.AssertionError: expected [You have 1 gradebook1111 waiting] but found [You have 1 gradebook waiting]
	at com.autotest.core.appolo.SearchTest.testARoleTeacher(SearchTest.java:30)
	at org.jboss.arquillian.testng.Arquillian$2.invoke(Arquillian.java:145)
	at org.jboss.arquillian.testng.standalone.LocalTestMethodExecutor.execute(LocalTestMethodExecutor.java:50)
	at org.jboss.arquillian.core.impl.ObserverImpl.invoke(ObserverImpl.java:86)
	at org.jboss.arquillian.core.impl.EventContextImpl.invokeObservers(EventContextImpl.java:103)
	at org.jboss.arquillian.core.impl.EventContextImpl.proceed(EventContextImpl.java:90)
	at org.jboss.arquillian.test.impl.TestContextHandler.createTestContext(TestContextHandler.java:116)
	at org.jboss.arquillian.core.impl.ObserverImpl.invoke(ObserverImpl.java:86)
	at org.jboss.arquillian.core.impl.EventContextImpl.proceed(EventContextImpl.java:95)
	at org.jboss.arquillian.test.impl.TestContextHandler.createClassContext(TestContextHandler.java:83)
	at org.jboss.arquillian.core.impl.ObserverImpl.invoke(ObserverImpl.java:86)
	at org.jboss.arquillian.core.impl.EventContextImpl.proceed(EventContextImpl.java:95)
	at org.jboss.arquillian.test.impl.TestContextHandler.createSuiteContext(TestContextHandler.java:69)
	at org.jboss.arquillian.core.impl.ObserverImpl.invoke(ObserverImpl.java:86)
	at org.jboss.arquillian.core.impl.EventContextImpl.proceed(EventContextImpl.java:95)
	at org.jboss.arquillian.core.impl.ManagerImpl.fire(ManagerImpl.java:133)
	at org.jboss.arquillian.test.impl.EventTestRunnerAdaptor.test(EventTestRunnerAdaptor.java:122)
	at org.jboss.arquillian.testng.Arquillian.run(Arquillian.java:138)
... Removed 52 stack frames]]>
    </failure>
  </testcase> <!-- testARoleTeacher -->
</testsuite> <!-- Surefire test -->
